[    0.00000] Initializing crop subsys cpuset
[    0.000000] Iniializing cgroup subsys cpu
[    0.000000] Initializing cgroup subsys cpuacct
[    0.000000 Linux verson 4.4.0-137-generic (buildd@lgw01-amd64-037) (gcc versin 5.4.0 20160609 (Ubuntu 5.4.0-6ubutu~16.04.0)) 163-Ubuntu SMP Mon Sep 24 13:14:43 UTC 2018 (Ubuntu 4.4.0-137.163-generic 4.4.144))
[  0000000] Command line: BOOT_IMAGE=/oo/vlinuz-4.4.-17-eneric rt=ABEL=cloudimrootfs ro console=tty1 console=ttyS0
[    0.000000] KERNEL supported cpus:
[    0.000000]   Intel GenuineIntel
[    0.000000]   AMD AuthenticAMD
[    0.000000]   Centaur CentaurHauls
[    0.000000] x86/fpu: xstate_offset[2]:  576, xstate_sizes[2]:  256
[    0.000000] x86/fpu: Supporting XSAVE feature 0x0 'x87 floating point registers'
[    .000000] x86/fpu: Supporting XSAVEeature 0x02: 'SS rgistes'
[    0.000000] x86/fpu: Supporting XSAVE feature 0x: AVX regites'

[    0.000000] x86/fpu: Enabled xstate features 0x7, context siz is 832 bytes, using 'standard' format.
[    0.000000] e820: BIOS-provided physical RAM map:
[    0.000000] BIOS-e820: [mem 0x0000000000000000-0x000000000009fbff] usable
[    0.000000] BOS-e820: [mem 0x000000000009fc00-0x000000000009ffff] reseerved
[    0.000000] BIOS-e820: [mem 0x00000000000f0000-0x00000000000fffff] reserved
[    0.000000] BIOS-e820: [mem 0x0000000000100000-0x000000003ffeffff] usable
[    0.000000] BIOS-e820: [mem 0x000000003fff0000-0x000000003fffffff] ACPI data
[    0.000000] BIOS-e820: [mem 0x00000000fec00000-0x00000000fec00fff] reserved
[    0.000000] BIOS-e820: [mem 0x00000000fee00000-0x00000000fee00fff] reserved
[    0.000000] BIOS-e820: [mem 0x00000000fffc0000-0x00000000ffffffff] reserved
[    0.000000] NX (Execute Disable) protection: active
[    0.000000] SMBIOS 2.5 present.
[    0.000000] Hypervisor detect: KVM
[    0.000000] e820: last_pfn = 0x3fff0 max_arch_pfn = 0x400000000
[    0.000000] MTRR: Disabled
[    0.000000] x86/PAT: MTRRs disabled, skipping PAT initialization too.
[    0.000000] CPU MTRRs all blank - virtualized system.
[    0.000000] x86/PAT: Configuration [0-7]: WB  WT  UC- UC  WB  WT  UC- UC  
[    0.000000] found SMP MP-table at [mem 0x0009fff0-0x0009ffff] mapped at [ffff88000009fff0]
[    0.000000] Scanning 1 areas for low memory corruption
[    0.000000] RAMDISK: [mem 0x3630e000-0x3717efff]
[    0.000000] ACPI: Early table checksum verification disabled
[    0.000000] ACPI: RSDP 0x00000000000E0000 000024 (v02 VBOX  )
[    0.000000] ACPI: XSDT 0x000000003FFF0030 00003C (v01 VBOX   VBOXXSDT 00000001 ASL  00000061
   0.000000] ACPI: FACP 0x000000003FFF00F0 0000F4 (v04 VBOX   VBOXFACP 00000001 ASL  00000061)
[    0.000000] ACPI: DSDT 0x000000003FFF0470 0021FF (v02 VBOX   VBOXBIOS 00000002 INTL 20100528)
[    0.000000] ACPI: FACS 0x000000003FFF0200 000040
[    0.000000] ACPI: FACS x000000FF020000040
[    0.000000] ACPI: APIC 0x000000003FFF0240 00005C (v02 VBOX   VBOXAPIC 00000001 ASL  00000061)
[    0.000000] ACPI: SSD0x0000003FFF02A0 0001CC (v1 BOX   VBOXCPUT00000002INL 0100528)[    0.000000] No NUMA configuration found
[    0.000000] Faking a node at [mem 0x0000000000000000-0x000000003ffeffff]
[    0.00000 NODE_ATA(0) allocte [emm 0x3ffeb000-0x3ffeffff]
[    0.000000] kvm-clock: Using msrs 4b564d01 and 4b564d00
[    0.000000] kvm-clock: cpu 0, msr 0:3ffe3001, primary cpu clock
[    0.000000] kvm-clock: using sched offset of 3999599326 cycles
[    0.000000] clocksource: kvm-clock: mask: 0xffffffffffffffff max_cycles: 0x1cd42e4dffb, max_idle_ns: 881590591483 ns
[    0.000000] Zone ranges:
[    0.000000]  DM      [mem 0x0000000000001000-0x0000000000ffffff]
[    0.000000]   DMA32    [mem 0x0000000001000000-0x000000003ffeffff]
[    0.000000]   Normal   empty
[    0.000000]   Device   empty
[    0.000000] Movable zone start for each node
[    0.000000] Early memory node ranges
[    0.000000]   node   0: [mem 0x0000000000001000-0x000000000009eff]
[    0.00000]   nod   0[mem 0x0000000000100000-0x000000003ffeffff]
[    0.000000] Initmem setup node 0 [mem 0x0000000000001000-0x000000003ffeffff]
[    0.00000]ACPI:M-Timer IO Port: 0x4008
[    0.000000] IOAPIC[0]: apic_id 2, version 32, address 0xfec00000, GSI 0-23
[    0.000000] ACPI: INT_SRC_OVR (bus 0 bus_irq 0 global_irq 2 dfl dfl)
[    0.000000] ACPI: INT_SRC_OVR (bus bus_irq 9 global_irq 9owlevel)
[    0.000000] Using ACPI (MADT) for SMP configuration information
[    0.000000] smpboot: Allowing 2 CPUs, 0 hotplug CPs
[   000000] PM: Registered nosave memory: [mem 0x00000000-0x00000fff]
[    0.000000] PM: Registered nosave memory: [mem 0x0009f000-0x0009ffff]
[    0.00000 PM: Registered nosave memory: [mem 0x000a0000-0x000effff]
[    0.000000] PM: Registered nosave memory: [mem 0x000f0000-0x000fffff]
[    0.000000]820: em 0x40000000-0xfebfffff] available for PCI devices
[    0.000000] Booting paravirtualized kernel on KVM
[    0.000000] clocksource: refined-jiffies: mask: 0xffffffff max_cycles: 0xffffffff, max_idle_ns: 76455196002115 ns
[    0.000000] setup_percpu: NR_CPUS:512 nr_cpumask_bits:512 nr_cpu_ids:2 nr_node_ids:1
[    0.000000] PERCPU: Embedded 34 pags/cpu @ffff88003fc00000 s99608 r8192 d31464 u1048576
[    0.000000] PV qspinlock hash table entries: 256 (order: 0, 4096 bytes)
[    0.000000] Built 1 zonelists in Node order, mobility grouping on.  Total pages: 257912
[    0.000000] Policy zone: DMA32
[    0.000000] Kernel command line: BOOT_IMAGE=/boot/vmlinuz-4.4.0-137-generic root=LABEL=cloudimg-rootfs ro console=tty1 console=ttyS0
[    0.000000] PID has table entries: 4096 (order: 3, 32768 bytes)
[    0.000000] Memory: 997716K/1048120K available (8555K kernel code, 1314K rwdata, 4004K rodata, 28 init, 1316K s,5040K esrved, 0K cma-reserved)
[    0.000000] SLUB: HWalign=64, Order=0-3, MinObjects=0, CPUs=2, Nodes=1
[    0.000000] Kernel/User page tables isolation: enabled
[    0.000000] Hierarchical RCU implementation.
[    0.000000] 	Build-time adjustment of leaf fanout to 64.
[   .00000 	RU retricting CPUs from NR_CPUS=512 to nr_cpu_ids=2.
[    0.000000] RCU: Adjusting geometry for rcu_fanout_leaf=64, nr_cpu_ids=2
[    0.000000] NR_IRQS:33024 nr_irqs:440 16
[    0.000000] Console: color VGA+ 80x25
[    0.00000] consle tty1] enabled
[   0.00000] consoe [ttyS0]enbled
[  0.000000] tsc: Detected 1599.999 MHz processor
[   3.126571] Calibrating delay loop (skipped) preset value.. 3199.99 BogoMIPS (lpj=6399996)
[    3.202591] pid_max: default: 32768 minimum: 301
[    3.203932] ACPI: Core revision 20150930
[    3.223563] ACPI: 2 ACPI AML tables successfully acquired and loaded
[    3.262362] Security Framework initialized
[    3.281862] Yama: becoming mindful.
[    3.292706] AppArmor: AppArmor initialized
[    3.317881] Dentry cache hash table entries: 131072 (order: 8, 1048576 bytes)
[    3.353340] Inode-cache hash table entries: 65536 (order: 7, 524288 bytes)
[    3.422251] Mount-cache hash table entries: 2048 (order: 2, 16384 bytes)
[    3.462789] Mountpoint-cache hash table entries: 2048 (order: 2, 16384 bytes)
[    3.510128] Initializing cgroup subsys io
[    3.524036] Initializing cgroup subsys memory
[    3.545806] Initializing cgroup subsys devices
[    3.569429] Initializing cgroup subsys freezer
[    3.594072] Initializing cgroup subsys net_cls
[    3.622935] Initializing cgroup subsys perf_event
[    3.637080] Initializing cgroup subsys net_prio
[    3.653318] Initializing cgroup subsys hugetlb
[    3.686319] Initializing cgroup subsys pids
[    3.714873] mce: CPU supports 0 MCE banks
[    3.734797] Last level iTLB entries: 4KB 64, 2MB 8, 4MB 8
[    3.751242] Last level dTLB entries: 4KB 64, 2MB 0, 4MB 0, 1GB 4
[    3.774237] Spectre V2 : Mitigation: Full generic retpoline
[    3.786759] Spectre V2 : Spectre v2 mitigation: Speculation control IBPB not-supported IBRS not-supported
[    3.829985] Spectre V2 : Spectre v2 / SpectreRSB mitigation: Filling RSB on context switch
[    3.879819] Speculative Store Bypass: Vulnerable
[    3.904980] Freeing SMP alternatives memory: 32K
[    3.934650] ftrace: allocating 32265 entries in 127 pages
[    4.036473] smpboot: APIC(0) Converting physical 0 to logical package 0
[    4.058707] smpboot: Max logical packages: 1
[    4.069011] x2apic enabled
[    4.091646] Switched APIC routing to physical x2apic.
[    4.094484] ..TIMER: vector=0x30 apic1=0 pin1=2 apic2=-1 pin2=-1
[    4.253493] smpboot: CPU0: Intel(R) Core(TM) i5-5250U CPU @ 1.60GHz (family: 0x6, model: 0x3d, stepping: 0x4)
[    4.309275] Performance Events: unsupported p6 CPU model 61 no PMU driver, software events only.
[    4.351954] KVM setup paravirtual spinlock
[    4.354626] x86: Booting SMP configuration:
[    4.362710] .... node  #0, CPUs:      #1
[    4.374713] kvm-clock: cpu 1, msr 0:3ffe3041, secondary cpu clock
[    4.384625] mce: CPU supports 0 MCE banks
[    4.387580] x86: Booted up 1 node, 2 CPUs
[    4.417085] smpboot: Total of 2 processors activated (6399.99 BogoMIPS)
[    4.437055] devtmpfs: initialized
[    4.449839] evm: security.selinux
[    4.462180] evm: security.SMACK64
[    4.470310] evm: security.SMACK64EXEC
[    4.488357] evm: security.SMACK64TRANSMUTE
[    4.501201] evm: security.SMACK64MMAP
[    4.508384] evm: security.ima
[    4.522134] evm: security.capability
[    4.536697] clocksource: jiffies: mask: 0xffffffff max_cycles: 0xffffffff, max_idle_ns: 7645041785100000 ns
[    4.582639] futex hash table entries: 512 (order: 3, 32768 bytes)
[    4.598740] pinctrl core: initialized pinctrl subsystem
[    4.618339] RTC time: 16:11:39, date: 10/31/18
[    4.637218] NET: Registered protocol family 16
[    4.658532] cpuidle: using governor ladder
[    4.677971] cpuidle: using governor menu
[    4.689272] PCCT header not found.
[    4.706310] ACPI: bus type PCI registered
[    4.714600] acpiphp: ACPI Hot Plug PCI Controller Driver version: 0.5
[    4.746438] PCI: Using configuration type 1 for base access
[    4.779716] ACPI: Added _OSI(Module Device)
[    4.787171] ACPI: Added _OSI(Processor Device)
[    4.794624] ACPI: Added _OSI(3.0 _SCP Extensions)
[    4.810221] ACPI: Added _OSI(Processor Aggregator Device)
[    4.819666] ACPI: Executed 1 blocks of module-level executable AML code
[    4.842417] ACPI: Interpreter enabled
[    4.863878] ACPI: (supports S0 S5)
[    4.868669] ACPI: Using IOAPIC for interrupt routing
[    4.875316] PCI: Using host bridge windows from ACPI; if necessary, use "pci=nocrs" and report a bug
[    4.914856] ACPI: PCI Root Bridge [PCI0] (domain 0000 [bus 00-ff])
[    4.935401] acpi PNP0A03:00: _OSC: OS supports [ASPM ClockPM Segments MSI]
[    4.949971] acpi PNP0A03:00: _OSC: not requesting OS control; OS requires [ExtendedConfig ASPM ClockPM MSI]
[    4.990380] acpi PNP0A03:00: fail to add MMCONFIG information, can't access extended PCI configuration space under this bridge.
[    5.013318] PCI host bridge to bus 0000:00
[    5.014564] pci_bus 0000:00: root bus resource [io  0x0000-0x0cf7 window]
[    5.048454] pci_bus 0000:00: root bus resource [io  0x0d00-0xffff window]
[    5.077014] pci_bus 0000:00: root bus resource [mem 0x000a0000-0x000bffff window]
[    5.092856] pci_bus 0000:00: root bus resource [mem 0x40000000-0xfdffffff window]
[    5.095549] pci_bus 0000:00: root bus resource [bus 00-ff]
[    5.099401] pci 0000:00:01.1: legacy IDE quirk: reg 0x10: [io  0x01f0-0x01f7]
[    5.114565] pci 0000:00:01.1: legacy IDE quirk: reg 0x14: [io  0x03f6]
[    5.132874] pci 0000:00:01.1: legacy IDE quirk: reg 0x18: [io  0x0170-0x0177]
[    5.145249] pci 0000:00:01.1: legacy IDE quirk: reg 0x1c: [io  0x0376]
[    5.223828] pci 0000:00:07.0: quirk: [io  0x4000-0x403f] claimed by PIIX4 ACPI
[    5.231451] pci 0000:00:07.0: quirk: [io  0x4100-0x410f] claimed by PIIX4 SMB
[    5.242603] ACPI: PCI Interrupt Link [LNKA] (IRQs 5 9 10 *11)
[    5.257015] ACPI: PCI Interrupt Link [LNKB] (IRQs 5 9 *10 11)
[    5.289038] ACPI: PCI Interrupt Link [LNKC] (IRQs 5 *9 10 11)
[    5.313017] ACPI: PCI Interrupt Link [LNKD] (IRQs 5 9 10 *11)
[    5.340572] ACPI: Enabled 2 GPEs in block 00 to 07
[    5.350039] vgaarb: setting as boot device: PCI:0000:00:02.0
[    5.366095] vgaarb: device added: PCI:0000:00:02.0,decodes=io+mem,owns=io+mem,locks=none
[    5.391087] vgaarb: loaded
[    5.392042] vgaarb: bridge control possible 0000:00:02.0
[    5.394140] SCSI subsystem initialized
[    5.395739] ACPI: bus type USB registered
[    5.422233] usbcore: registered new interface driver usbfs
[    5.426619] usbcore: registered new interface driver hub
[    5.431073] usbcore: registered new device driver usb
[    5.435154] PCI: Using ACPI for IRQ routing
[    5.448466] NetLabel: Initializing
[    5.470252] NetLabel:  domain hash size = 128
[    5.490116] NetLabel:  protocols = UNLABELED CIPSOv4
[    5.517987] NetLabel:  unlabeled traffic allowed by default
[    5.532840] amd_nb: Cannot enumerate AMD northbridges
[    5.544633] clocksource: Switched to clocksource kvm-clock
[    5.58456] pprmr:AppArmr ilsyte Enabled
[    5.85480]pnp: PnP API int

[    5.993585] pnp: PnP ACPI: found3 devices
[    6.039492] locksource: acpi_p mk: 0xffffff max_cyes: 0xffffff, max_idle_ns: 2085701024 ns
[    6.434859] NET: Registered procol family 2

[    6.555582] TCP established hash table entries: 8192 (order: 4, 65536 bes
[    6.658406] TCP bind hash table entries: 8192 (order: , 31072 byes)
[   6.753138 TCP Has tbls configured (estalished 892bid 19)[   7.3987 UDPash table entries: 512 (order: 2, 16384 bytes)
[    7.385479] UDP-Lite hash table entries: 512 (order: 2, 16384 bytes)
[    7.38889 NET Rgitere protocol family 1
[    7.565240] pci 0000:00:00.0: Limiting direct PCICItrnsfers
[    7.741584] pci 0000:00:01.0: Activating ISA DMA hang workarounds
[    7.743452] Unpacking initramfs...

[    8.073991] Freeing initrd memory: 14788K
[    8.095894] RAPL PMU detected, API unit is 2^-32 Joules, 4 fixed counters 10737418240 ms ovfl timer
[    8.111300] hw unit of domain pp0-core 2^-0 Joules
[    8.113824] hw unit of domain package 2^-0 Joules
[    8.115091] hw unit of domain dram 2^-0 Joules
[    8.122857] hw unit of domain pp1-gpu 2^-0 Joules
[    8.152134] platform rtc_cmos: registered platform RTC device (no PNP device found)
[    8.202375] Scanning for low memory corruption every 60 seconds
[    8.222332] audit: initializing netlink subsys (disabled)
[    8.246673] audit: type=2000 audit(1541002303.715:1): initialized
[    8.255162] Initialise system trusted keyring
[    8.273489] HugeTLB registered 2 MB page size, pre-allocated 0 pages
[    8.306641] zbud: loaded
[    8.309962] VFS: Disk quotas dquot_6.6.0
[    8.357037] VFS: Dquot-cache hash table entries: 512 (order 0, 4096 bytes)
[    8.393423] squashfs: version 4.0 (2009/01/31) Phillip Lougher
[    8.403065] fuse init (API version 7.23)
[    8.411802] Key type big_key registered
[    8.431146] Allocating IMA MOK and blacklist keyrings.
[    8.441433] Key type asymmetric registered
[    8.458874] Asymmetric key parser 'x509' registered
[    8.461402] Block layer SCSI generic (bsg) driver version 0.4 loaded (major 249)
[    8.465944] io scheduler noop registered
[    8.474070] io scheduler deadline registered (default)
[    8.482062] io scheduler cfq registered
[    8.488910] pci_hotplug: PCI Hot Plug PCI Core version: 0.5
[    8.498320] pciehp: PCI Express Hot Plug Controller Driver version: 0.4
[    8.522507] ACPI: AC Adapter [AC] (off-line)
[    8.539320] input: Power Button as /devices/LNXSYSTM:00/LNXPWRBN:00/input/input0
[    8.553697] ACPI: Power Button [PWRF]
[    8.563046] input: Sleep Button as /devices/LNXSYSTM:00/LNXSLPBN:00/input/input1
[    8.587237] ACPI: Sleep Button [SLPF]
[    8.615865] GHES: HEST is not enabled!
[    8.618637] ACPI: Battery Slot [BAT0] (battery present)
[    8.632428] Serial: 8250/16550 driver, 32 ports, IRQ sharing enabled
[    8.677798] 00:02: ttyS0 at I/O 0x3f8 (irq = 4, base_baud = 115200) is a 16550A
[    8.701079] Linux agpgart interface v0.103
[    8.724176] loop: module loaded
[    8.733713] scsi host0: ata_piix
[    8.735085] scsi host1: ata_piix
[    8.736352] ata1: PATA max UDMA/33 cmd 0x1f0 ctl 0x3f6 bmdma 0xd000 irq 14
[    8.742236] ata2: PATA max UDMA/33 cmd 0x170 ctl 0x376 bmdma 0xd008 irq 15
[    8.756898] libphy: Fixed MDIO Bus: probed
[    8.761753] tun:Universal TUN/TAP device driver, 1.6
[   .832698] tun: (C) 1999-2004 Max Krasnyansky <maxk@qualcomm.com>
[    8.922098] PPP generic driver version 2.4.2
[    8.945869] ehci_hcd: USB 2.0 'Enhanced' Host Controller (EHCI) Driver
[    8.959018] ehci-pci: EHCI PCI platform driver
[    8.960467] ehci-platform: EHCI generic platform driver
[    8.967558] ohci_hcd: USB 1.1 'Open' Host Controller (OHCI) Driver
[    8.969302] ohci-pci: OHCI PCI platform driver
[    8.9700]ohi-latform: OHCI generic platform drive
[    9.14873]ts: efined TSC clocksource calibration: 1599.563 MHz

[    9.148796] clocksouce: tsc: mask: xfffffffffff mx_yces 0x17e82358d, max_ide_s: 4079526593ns
[    9.841581] uci_hc: USB Universal Host ControllerInerface driver
[    9.983139] i8042: PNP: PS/2 Controller [PNP0303:PS2K,PNP0f03:PS2M] at 0x60,0x64 irq 1,12
[    9.986296] serio: i8042 KBD port at 0x60,0x64 irq 1
[    9.994075] serio: i8042 AUX port at 0x60,0x64 irq 12
[    9.996555] mousedev: PS/2 mouse device common for all mice
[   10.013429] rtc_cmos rtc_cmos: rtc core: registered rtc_cmos as rtc0
[   10.028295] input: AT Translated Set 2 keyboard as /devices/platform/i8042/serio0/input/input2
[   10.072197] rtc_cmos rtc_cmos: alarms up to one day, 114 bytes nvram
[   10.120085] i2c /dev entries driver
[   10.146744] device-mapper: uevent: version 1.0.3
[   10.173220] device-mapper: ioctl: 4.34.0-ioctl (2015-10-28) initialised: dm-devel@redhat.com
[   10.214225] ledtrig-cpu: registered to indicate activity on CPUs
[   10.246891] NET: Registered protocol family 10
[   10.253114] NET: Registered protocol family 17
[   10.277398] Key type dns_resolver registered
[   10.302550] registered taskstats version 1
[   10.322872] Loading ompiled-n .59 erifcates
[  1.5668]Lode X.509 cert 'Buildtie utgenerated kernel key:0ac9b50ca7641011eace69d32209215a9b56f'
[   10.992067] zswap: loaded using pool lzo/zbud
[   10.996977] Key type trusted registered
[   11.026521] Key type encrypted registered
[   11.065626] AppArmor: AppArmor sha1 policy hashing enabled
[   11.103319] ima: No TPM chip found, activating TPM-bypass!
[   11.122478] ima: Allocated hash algorithm: sha1
[   11.123696] evm: HMAC attrs: 0x1
[   11.136061]   Magc umer 6:668:187

[   1125265] rtc_cmos rtc_cmos: setting system clock to 2018-10-31 16:11:46 UTC (1541002306)

[   11.312135 BIOSDD facliy 0.16204-Jun-25, 0 devices found
[  11.537489] EDD information not available.
 [   11.575160] Freeing unused kernel memory: 1528K
[   11.592975] Write protecting the kernel read-only data: 14336k
[   11.600916] Freeing unused kernel memory: 1672K
[   11.958717] Freeing unused kernel memory: 92K
Loading, please wait...
starting version 229
[   12.188489] random: udevadm: uninitialized urandom read (16 bytes read, 7 bits of entropy available)
[   12.190938] random: systemd-udevd: uninitialized urandom read (16 bytes read, 7 bits of entropy available)
[   12.191349] random: systemd-udevd: uninitialized urandom read (16 bytes read, 7 bits of entropy available)
[   12.191401] random: systemd-udevd: uninitialized urandom read (16 bytes read, 7 bits of entropy available)
[   12.191571] random: systemd-udevd: uninitialized urandom read (16 bytes read, 7 bits of entropy available)
[   12.364906] random: udevadm: uninitialized urandom read (16 bytes read, 7 bits of entropy available)
[   12.435476] random: systemd-udevd: uninitialized urandom read (16 bytes read, 7 bits of entropy available)
[   12.438298] random: systemd-udevd: uninitialized urandom read (16 bytes read, 7 bits of entropy available)
[   12.438584] random: udevadm: uninitialized urandom read (16 bytes read, 7 bits of entropy available)
[   12.438633] random: udevadm: uninitialized urandom read (16 bytes read, 7 bits of entropy available)
[   12.492566] e1000: Intel(R) PRO/1000 Network Driver - version 7.3.21-k8-NAPI
[   12.762308] e1000: Copyright (c) 1999-2006 Intel Corporation.
[   12.784388] AVX2 version of gcm_enc/dec engaged.
[   12.788051] AES CTR mode by8 optimization enabled
[   12.793553] Fusion MPT base driver 3.04.20
[   12.800236] Copyright (c) 1999-2008 LSI Corporation
[   12.806424] Fusion MPT SPI Host driver 3.04.20
[   12.974308] input: ImExPS/2 Generic Explorer Mouse as /devices/platform/i8042/serio1/input/input4
[   13.165924] e1000 0000:00:03.0 eth0: (PCI:33MHz:32-bit) 02:28:89:27:00:51
[   13.192356] e1000 0000:00:03.0 eth0: Intel(R) PRO/1000 Network Connection
[   13.218330] mptbase: ioc0: Initiating bringup
[   13.219109] e1000 0000:00:03.0 enp0s3: renamed from eth0
[   13.301235] ioc0: LSI53C1030 A0: Capabilities={Initiator}
[   13.470069] scsi host2: ioc0: LSI53C1030 A0, FwRev=00000000h, Ports=1, MaxQ=256, IRQ=20
[   13.614564] scsi 2:0:0:0: Direct-Access     VBOX     HARDDISK         1.0  PQ: 0 ANSI: 5
[   14.681083] scsi target2:0:0: Beginning Domain Validation
[   14.799774] scsi target2:0:0: Domain Validation skipping write tests
[   15.165425] scsi target2:0:0: Ending Domain Validation
[   15.468518] scsi target2:0:0: asynchronous
[   15.472064] scsi 2:0:1:0: Direct-Access     VBOX     HARDDISK         1.0  PQ: 0 ANSI: 5
[   15.496815] scsi target2:0:1: Beginning Domain Validation
[   15.506627] scsi target2:0:1: Domain Validation skipping write tests
[   15.746484] scsi target2:0:1: Ending Domain Validation
[   15.747978] scsi target2:0:1: asynchronous
[   15.761627] sd 2:0:0:0: Attached scsi generic sg0 type 0
[   15.782194] sd 2:0:1:0: Attached scsi generic sg1 type 0
[   15.782321] sd 2:0:0:0: [sda] 20971520 512-byte logical blocks: (10.7 GB/10.0 GiB)
[   15.850248] sd 2:0:1:0: [sdb] 20480 512-byte logical blocks: (10.5 MB/10.0 MiB)
[   15.895959] sd 2:0:0:0: [sda] Write Protect is off
[   15.898792] sd 2:0:0:0: [sda] Incomplete mode parameter data
[   15.917702] sd 2:0:0:0: [sda] Assuming drive cache: write through
[   15.917768] sd 2:0:1:0: [sdb] Write Protect is off
[   15.965698] sd 2:0:1:0: [sdb] Incomplete mode parameter data
[   15.968974]  sda: sda1
[   15.969716] sd 2:0:0:0: [sda] Attached SCSI disk
[   16.052005] sd 2:0:1:0: [sdb] Assuming drive cache: write through
[   16.070914] sd 2:0:1:0: [sdb] Attached SCSI disk
Begin: Loading essential drivers[   17.579558] md: linear personality registered for level -1
 ... [   17.592680] md: multipath personality registered for level -4
[   17.612829] md: raid0 personality registered for level 0
[   17.633374] md: raid1 personality registered for level 1
[   17.705189] raid6: sse2x1   gen()  6862 MB/s
[   17.780876] raid6: sse2x1   xor()  1969 MB/s
[   17.852684] raid6: sse2x2   gen()  6440 MB/s
[   17.920716] raid6: sse2x2   xor()  5290 MB/s
[   17.988756] raid6: sse2x4   gen()  9741 MB/s
[   18.064923] raid6: sse2x4   xor()  5686 MB/s
[   18.137214] raid6: avx2x1   gen() 11420 MB/s
[   18.204810] raid6: avx2x2   gen() 13858 MB/s
[   18.284851] raid6: avx2x4   gen() 17090 MB/s
[   18.309489] raid6: using algorithm avx2x4 gen() 17090 MB/s
[   18.314010] raid6: using avx2x2 recovery algorithm
[   18.324423] xor: automatically using best checksumming function:
[   18.401924]    avx       : 21408.000 MB/sec
[   18.430194] async_tx: api initialized (async)
[   18.456534] md: raid6 personality registered for level 6
[   18.465697] md: raid5 personality registered for level 5
[   18.487701] md: raid4 personality registered for level 4
[   18.524417] md: raid10 personality registered for level 10
done.
Begin: Running /scripts/init-premount ... done.
Begin: Mounting root file system ... Begin: Running /scripts/local-top ... done.
Begin: Running /scripts/local-premount ... [   18.578972] Btrfs loaded
Scanning for Btrfs filesystems
done.
Warning: fsck not present, so sk[   18.687436] EXT4-fs (sda1): mounted filesystem with ordered data mode. Opts: (null)
ipping root file system
done.
Begin: Running /scripts/local-bottom ... done.
Begin: Running /scripts/init-bottom ... done.
[   18.986161] systemd[1]: systemd 229 running in system mode. (+PAM +AUDIT +SELINUX +IMA +APPARMOR +SMACK +SYSVINIT +UTMP +LIBCRYPTSETUP +GCRYPT +GNUTLS +ACL +XZ -LZ4 +SECCOMP +BLKID +ELFUTILS +KMOD -IDN)
[   19.031055] systemd[1]: Detected virtualization oracle.
[   19.045572] systemd[1]: Detected architecture x86-64.

Welcome to [1mUbuntu 16.04.5 LTS[0m!

[   19.081207] systemd[1]: Set hostname to <ubuntu>.
[   19.112612] systemd[1]: Initializing machine ID from random generator.
[   19.161812] systemd[1]: Installed transient /etc/machine-id file.
[   19.501512] systemd[1]: Reached target System Time Synchronized.
[[0;32m  OK  [0m] Reached target System Time Synchronized.
[   19.535234] systemd[1]: Listening on LVM2 poll daemon socket.
[[0;32m  OK  [0m] Listening on LVM2 poll daemon socket.
[   19.564318] systemd[1]: Listening on Syslog Socket.
[[0;32m  OK  [0m] Listening on Syslog Socket.
[   19.601121] systemd[1]: Set up automount Arbitrary Executable File Formats File System Automount Point.
[[0;32m  OK  [0m] Set up automount Arbitrary Executab...ats File System Automount Point.
[   19.693825] systemd[1]: Created slice User and Session Slice.
[[0;32m  OK  [0m] Created slice User and Session Slice.
[   19.742145] systemd[1]: Listening on LVM2 metadata daemon socket.
[[0;32m  OK  [0m] Listening on LVM2 metadata daemon socket.
[   19.778174] systemd[1]: Listening on Journal Socket.
[[0;32m  OK  [0m] Listening on Journal Socket.
[   19.833244] systemd[1]: Reached target User and Group Name Lookups.
[[0;32m  OK  [0m] Reached target User and Group Name Lookups.
[   19.870011] systemd[1]: Listening on /dev/initctl Compatibility Named Pipe.
[[0;32m  OK  [0m] Listening on /dev/initctl Compatibility Named Pipe.
[   19.913232] systemd[1]: Reached target Encrypted Volumes.
[[0;32m  OK  [0m] Reached target Encrypted Volumes.
[   19.949244] systemd[1]: Started Trigger resolvconf update for networkd DNS.
[[0;32m  OK  [0m] Started Trigger resolvconf update for networkd DNS.
[   19.977023] systemd[1]: Listening on udev Kernel Socket.
[[0;32m  OK  [0m] Listening on udev Kernel Socket.
[   20.008951] systemd[1]: Created slice System Slice.
[[0;32m  OK  [0m] Created slice System Slice.
[   20.018564] systemd[1]: Created slice system-serial\x2dgetty.slice.
[[0;32m  OK  [0m] Created slice system-serial\x2dgetty.slice.
[   20.025295] random: nonblocking pool is initialized
[   20.041166] systemd[1]: Starting Uncomplicated firewall...
         Starting Uncomplicated firewall...
[   20.077216] systemd[1]: Starting Set console keymap...
         Starting Set console keymap...
[   20.097453] systemd[1]: Starting Nameserver information manager...
         Starting Nameserver information manager...
[   20.144878] systemd[1]: Starting Create list of required static device nodes for the current kernel...
         Starting Create list of required st... nodes for the current kernel...
[   20.161673] systemd[1]: Mounting POSIX Message Queue File System...
         Mounting POSIX Message Queue File System...
[   20.197973] systemd[1]: Listening on Journal Audit Socket.
[[0;32m  OK  [0m] Listening on Journal Audit Socket.
[   20.217394] systemd[1]: Reached target Swap.
[[0;32m  OK  [0m] Reached target Swap.
[   20.278096] systemd[1]: Listening on udev Control Socket.
[[0;32m  OK  [0m] Listening on udev Control Socket.
[   20.305718] systemd[1]: Starting Load Kernel Modules...
[   20.321215] Loading iSCSI transpor class v2.0-870.

         Starting Load Kernel Modules...
[   20.360860] systemd[1]: Mounting Huge Pages File System...
         Mounting Huge Pages Fil[   20.369138] iscsi: registered transport (tcp)
e System...
[   20.432840] systemd[1]: Starting Remount Root and Kernel File Systems...
         [   20.461711] EXT4-fs (sda1): re-mounted. Opts: (null)
Starting Remount Root and Kernel File Systems...
[   20.492519] systemd[1]: Started Forward Password Requests to Wall Directory Watch.
[[0;32m  OK  [0[   20.520431] iscsi: registered transport (iser)
m] Started Forward Password Requests to Wall Directory Watch.
[   20.730358] syted[]:Litein o Jurnal Sockt (/dev/lg).
[[0;32m  OK  [0m] Listening on Journal Socket (/dev/log).
[   21.085021] systemd[1]: Starting Journal Service...
         Starting Journal Service...
[   21.098472] systemd[1]: Mounting Debug File System...
         Mounting Debug File System...
[   21.139718] systemd[1]: Listening on Device-mapper event daemon FIFOs.
[[0;32m  OK  [0m] Listening on Device-mapper event daemon FIFOs.
[   21.209004] systemd[1]: Starting Monitoring of LVM2 mirrors, snapshots etc. using dmeventd or progress polling...
         Starting Monitoring of LVM2 mirrors... dmeventd or progress polling...
[   21.297989] systemd[1]: Reached target Slices.
[[0;32m  OK  [0m] Reached target Slices.
[   21.326132] systemd[1]: Mounted Debug File System.
[[0;32m  OK  [0m] Mounted Debug File System.
[   21.360885] systemd[1]: Mounted POSIX Message Queue File System.
[[0;32m  OK  [0m] Mounted POSIX Message Queue File System.
[  2.429358]ystemd[1]: Mounted Huge Pages FileSyste.
[[0;32m  OK  [0m] Mounted Huge Pages File System.
[   21.644739]systemd[1]: Strtd Journal Servie.

[[0;32m  OK  [0m] Started Journal Service.
[[0;32m  OK  [0m] Started Uncomplicated firewall.
[[0;32m  OK  [0m] Started Set console keymap.
[[0;32m  OK  [0m] Started Create list of required sta...ce nodes for the current kernel.
[[0;32m  OK  [0m] Started Load Kernel Modules.
[[0;32m  OK  [0m] Started Remount Root and Kernel File Systems.
[[0;32m  OK  [0m] Started Nameserver information manager.
[[0;32m  OK  [0m] Started LVM2 metadata daemon.
         Starting Load/Save Random Seed...
         Starting udev Coldplug all Devices...
         Starting Apply Kernel Variables...
         Mounting FUSE Control File System...
         Starting Create Static Device Nodes in /dev...
         Starting Flush Journal to Persistent Storage...
[[0;32m  OK  [0m] Mounted FUSE Control File System.
[[0;32m  OK  [0m] Started Monitoring of LVM2 mirrors,...ng dmeventd or progress polling.
[[0;32m  OK  [0m] Started Load/Save Random Seed.
[[0;32m  OK  [0m] Started Apply Kernel Variables.
[[0;32m  OK  [0m] Started Create Static Device Nodes in /dev.
[[0;32m  OK  [0m] Started udev Coldplug all Devices.
         Starting udev Kernel Device Manager...
[[0;32m  OK  [0m] Started Flush Journal to Persistent Storage.
[[0;32m  OK  [0m] Started udev Kernel Device Manager.
[[0;32m  OK  [0m] Reached target Local File Systems (Pre).
[[0;32m  OK  [0m] Reached target Local File Systems.
         Starting LSB: AppArmor initialization...
         Starting Set console font and keymap...
         Starting Tell Plymouth To Write Out Runtime Data...
         Starting Initial cloud-init job (pre-networking)...
         Starting Commit a transient machine-id on disk...
         Starting Create Volatile Files and Directories...
[[0;32m  OK  [0m] Started Dispatch Password Requests to Console Directory Watch.
[[0;32m  OK  [0m] Started Create Volatile Files and Directories.
[[0;32m  OK  [0m] Started Tell Plymouth To Write Out Runtime Data.
[[0;32m  OK  [0m] Started Commit a transient machine-id on disk.
[[0;32m  OK  [0m] Found device /dev/ttyS0.
[[0;32m  OK  [0m] Listening on Load/Save RF Kill Switch Status /dev/rfkill Watch.
         Starting Update UTMP about System Boot/Shutdown...
[[0;32m  OK  [0m] Started Update UTMP about System Boot/Shutdown.
[[0;32m  OK  [0m] Started LSB: AppArmor initialization.
[[0;32m  OK  [0m] Started Set console font and keymap.
[[0;32m  OK  [0m] Created slice system-getty.slice.
[   20.207444] cloud-init[481]: Cloud-init v. 18.3-9-g2e62cb8a-0ubuntu1~16.04.2 running 'init-local' at Wed, 31 Oct 2018 16:11:59 +0000. Up 19.58 seconds.
[[0;32m  OK  [0m] Started Initial cloud-init job (pre-networking).
[[0;32m  OK  [0m] Reached target Network (Pre).
         Starting Raise network interfaces...
[[0;32m  OK  [0m] Started Raise network interfaces.
[[0;32m  OK  [0m] Reached target Network.
         Starting Initial cloud-init job (metadata service crawler)...
[   22.414566] cloud-init[924]: Cloud-init v. 18.3-9-g2e62cb8a-0ubuntu1~16.04.2 running 'init' at Wed, 31 Oct 2018 16:12:01 +0000. Up 21.13 seconds.
[   22.466024] cloud-init[924]: ci-info: +++++++++++++++++++++++++++++++++++++Net device info+++++++++++++++++++++++++++++++++++++
[   22.480878] cloud-init[924]: ci-info: +--------+------+--------------------------+---------------+--------+-------------------+
[   22.507315] cloud-init[924]: ci-info: | Device |  Up  |         Address          |      Mask     | Scope  |     Hw-Address    |
[   22.507710] cloud-init[924]: ci-info: +--------+------+--------------------------+---------------+--------+-------------------+
[[0;32m  OK  [0m] Started Initial cloud-init job (metadata service crawler).
[   22.508139] cloud-init[924]: ci-info: | enp0s3 | True |        10.0.2.15         | 255.255.255.0 | global | 02:28:89:27:00:51 |
[   22.692639] cloud-init[924]: ci-info: | enp0s3 | True | fe80::28:89ff:fe27:51/64 |       .       |  link  | 02:28:89:27:00:51 |
[   22.693306] cloud-init[924]: ci-info: |   lo   | True |        127.0.0.1         |   255.0.0.0   |  host  |         .         |
[[0;32m  OK  [0m] Reached target Network is Online.
[   22.693633] cloud-init[924]: ci-info: |   lo   | True |         ::1/128          |       .       |  host  |         .         |
[   22.832549] cloud-init[924]: ci-info: +--------+------+--------------------------+---------------+--------+-------------------+
[   22.833044] cloud-init[924]: ci-info: +++++++++++++++++++++++++++Route IPv4 info++++++++++++++++++++++++++++
         Starting iSCSI initiator daemon (iscsid)...
[[   22.833450] cloud-init[924]: ci-info: +-------+-------------+----------+---------------+-----------+-------+
[   22.858184] cloud-init[924]: ci-info: | Route | Destination | Gateway  |    Genmask    | Interface | Flags |
[0;32m  OK  [0m] Reached target System Initialization.
[   22.858412] cloud-init[924]: ci-info: +-------+-------------+----------+---------------+-----------+-------+
[   23.078001] cloud-init[924]: ci-info: |   0   |   0.0.0.0   | 10.0.2.2 |    0.0.0.0    |   enp0s3  |   UG  |
[[0;32m  OK  [0m] Started Daily apt download activities.
[[   23.079181] cloud-init[924]: ci-info: |   1   |   10.0.2.0  | 0.0.0.0  | 255.255.255.0 |   enp0s3  |   U   |
[0;32m  OK  [0m] Listening on D-Bus System Message Bus Socket.
[   23.205515] cloud-init[924]: ci-info: +-------+-------------+----------+---------------+-----------+-------+
[   23.324508] cloud-init[924]: ci-info: +++++++++++++++++++Route IPv6 info+++++++++++++++++++
[   23.325031] cloud-init[924]: ci-info: +-------+-------------+---------+-----------+-------+
[[0;32m  OK  [0m] Started Daily apt upgrade and clean activities.
[   23.325294] cloud-init[924]: ci-info: | Route | Destination | Gateway | Interface | Flags |
[[   23.439573] cloud-init[924]: ci-info: +-------+-------------+---------+-----------+-------+
[0;32m  OK  [0m] Listening on ACPID Listen Socket.
[   23.440494] cloud-init[924]: ci-info: |   0   |  fe80::/64  |    ::   |   enp0s3  |   U   |
[   23.596472] cloud-init[924]: ci-info: |   3   |   ff00::/8  |    ::   |   enp0s3  |   U   |
[   23.596975] cloud-init[924]: ci-info: +-------+-------------+---------+-----------+-------+
[[0;32m  OK  [0m] Started ACPI Events Check.
[   23.597831] cloud-init[924]: Generating public/private rsa key pair.
[   23.636912] cloud-init[924]: Your identification has been saved in /etc/ssh/ssh_host_rsa_key.
[   23.637414] cloud-init[924]: Your public key has been saved in /etc/ssh/ssh_host_rsa_key.pub.
[[0;32m  OK  [0m] Reached target Paths.
[   23.637806] cloud-init[924]: The key fingerprint is:
[   23.745222] cloud-init[924]: SHA256:Q1aOl1IrAVi1ZJr8P8Lvfn15N6CBiVsecsi3/W0jfF4 root@ubuntu-xenial
[[0;32m  OK  [0m] Listening on UUID daemon activation socket.
[   23.745535] cloud-init[924]: The key's randomart image is:
[   23.933678] cloud-init[924]: +---[RSA 2048]----+
[[0;32m  OK  [0m] Started Daily Cleanup of Temporary Directories.
[   23.933876] cloud-init[924]: |     ooo= o      |
         Starting Socket activation for snappy daemon.
[[   24.019799] cloud-init[924]: |    .. = B o     |
[   24.027074] cloud-init[924]: |      + B =      |
[   24.027372] cloud-init[924]: |       + +       |
[   24.027661] cloud-init[924]: |      . S o      |
[   24.027837] cloud-init[924]: |       * X . .   |
[   24.028353] cloud-init[924]: |        X * +.. E|
[   24.028716] cloud-init[924]: |       . = +.oo*=|
[   24.029108] cloud-init[924]: |         o+...=+=|
[   24.029616] cloud-init[924]: +----[SHA256]-----+
[   24.029997] cloud-init[924]: Generating public/private dsa key pair.
[0;32m  OK  [0m] Reached target Timers.
[   24.030265] cloud-init[924]: Your identification has been saved in /etc/ssh/ssh_host_dsa_key.
[   24.056533] cloud-init[924]: Your public key has been saved in /etc/ssh/ssh_host_dsa_key.pub.
[   24.056950] cloud-init[924]: The key fingerprint is:
[   24.058349] cloud-init[924]: SHA256:0uEDxWe4e8OyBlu6ZeTf3rWpjGUFnHPVJxWbqkX17Dg root@ubuntu-xenial
[   24.058552] cloud-init[924]: The key's randomart image is:
[   24.058785] cloud-init[924]: +---[DSA 1024]----+
[   24.059026] cloud-init[924]: |       ...     +=|
[   24.059279] cloud-init[924]: |       .o o . +.B|
         Starting LXD - unix socket.
[   24.059531] cloud-init[924]: |      . .+   * =+|
[   24.132537] cloud-init[924]: |       +..  . =o |
[[0;32m  OK  [0m] [   24.133031] cloud-init[924]: |      . So   oE..|
Reached target Cloud-config availability.
[   24.133493] cloud-init[924]: |      .++.+ o .. |
[   24.320625] cloud-init[924]: |       =++ o o  .|
[   24.321199] cloud-init[924]: |      ooo. .=. .o|
[[0;32m  OK  [0m] Listening on Socket activation for snappy daemon.
[[0;32m  OK  [0m] Listening on LXD - unix socket.
[[   24.321422] cloud-init[924]: |      .o  .ooooo |
[   24.598127] cloud-init[924]: +----[SHA256]-----+
[0;32m  OK  [0m] Started iSCSI initiator daemon (iscsid).
[   24.598274] cloud-init[924]: Generating public/private ecdsa key pair.
[   24.892520] cloud-init[924]: Your identification has been saved in /etc/ssh/ssh_host_ecdsa_key.
[   24.893172] cloud-init[924]: Your public key has been saved in /etc/ssh/ssh_host_ecdsa_key.pub.
         Starting Login to default iSCSI targets...
[   24.893416] cloud-init[924]: The key fingerprint is:
[   25.017101] cloud-init[924]: SHA256:1ZzsgY7NQMLyBXHwcBdKaldV7e7g4PdlNrX3JMIPnP8 root@ubuntu-xenial
[[0;32m  OK  [0m] Reached target Sockets.
[[   25.017427] cloud-init[924]: The key's randomart image is:
[   25.031967] cloud-init[924]: +---[ECDSA 256]---+
[   25.032495] cloud-init[924]: |     .*+= +o.... |
[0;32m  OK  [0m] Reached target Basic System.
[   25.032717] cloud-init[924]: |    . .X.+ = .  .|
[   25.126300] cloud-init[924]: |     oo.= o *  . |
[   25.135886] cloud-init[924]: |     ... B . .  .|
[   25.151380]          Starting Pollinate to seed the pseudo random number generator...
cloud-init[924]: |        S + .  ..|
[   25.206978]          Starting LSB: Record successful boot for GRUB...
cloud-init[924]: |           o... +|
[   25.244783] [[0;32m  OK  [0m] Started D-Bus System Message Bus.
cloud-init[924]: |           .*o.=*|
[   25.280647] cloud-init[924]: |            .=o=*|
[   25.289013] cloud-init[924]: |             .ooE|
[   25.295946] cloud-init[924]: +----[SHA256]-----+
[   25.305365] cloud-init[924]: Generating public/private ed25519 key pair.
[   25.345316] cloud-init[924]: Your identification has been saved in /etc/ssh/ssh_host_ed25519_key.
[   25.363462] cloud-init[924]: Your public key has been saved in /etc/ssh/ssh_host_ed25519_key.pub.
[[0;32m  OK  [0m] Started Regular background program processing daemon.
[   25.385200] cloud-init         Starting Accounts Service...
[924]: The key fingerprint is:         
Starting System Logging Service...
[   25.402954] [[0;32m  OK  [0m] Started Deferred execution scheduler.
         Starting LXD - container startup/shutdown...
[[0;32m  OK  [0m] Started Unattended Upgrades Shutdown.
         cloud-init[924]: SHA256:rb14xDJQwjSLF6eq4/O3NTG5NZT5OakK5dPDqTyG228 root@ubuntu-xenial
[   25.408625] cloud-init[924]: The key's randomart image is:
[   25.408683] cloud-init[924]: +--[ED25519 256]--+
[   25.408726] cloud-init[924]: |     o+ .        |
[   25.408768] cloud-init[924]: |     .o*.  o     |
[   25.408809] cloud-init[924]: |    . +o  +      |
[   25.408859] cloud-init[924]: |     o.  + . o   |
Starting Login Service...
[   25.408907] cloud-init[924]: |    .  .S.+ =    |
         Starting LSB: MD monitoring daemon...
[   25.622787] cloud-init[924]: |   .   ooXo+ .   |
[   25.664575] cloud-init         [924]: Starting Virtualbox guest utils...|  o   ..B+B      |

[   25.665923] cloud-init[924]: | ...  o=o*Eo     |
[   25.693460] [cloud-init[0;32m  OK  [0m[924]: ] |  .o..o+*=o      |Started FUSE filesystem for LXC.

[   25.699283] cloud-init[924]: +----[SHA256]-----+
         Starting /etc/rc.local Compatibility...
[[0;32m  OK  [0m] Started ACPI event daemon.
         Starting Snappy daemon...
[[0;32m  OK  [0m] Started System Logging Service.
[[0;32m  OK  [0m] Started /etc/rc.local Compatibility.
[[0;32m  OK  [0m] Started Pollinate to seed the pseudo random number generator.
[[0;32m  OK  [0m] Started LXD - container startup/shutdown.
[[0;32m  OK  [0m] Started LSB: Record successful boot for GRUB.
[[0;32m  OK  [0m] Started Login to default iSCSI targets.
[[0;32m  OK  [0m] Started Login Service.
         Starting Authenticate and Authorize Users to Run Privileged Tasks...
[[0;32m  OK  [0m] Reached target Remote File Systems (Pre).
[[0;32m  OK  [0m] Reached target Remote File Systems.
         Starting Permit User Sessions...
         Starting LSB: automatic crash report generation...
         Starting LSB: daemon to balance interrupts for SMP systems...
         Starting LSB: Set the CPU Frequency Scaling governor to "ondemand"...
         Starting OpenBSD Secure Shell server...
[[0;32m  OK  [0m] Started LSB: MD monitoring daemon.
[[0;32m  OK  [0m] Started Permit User Sessions.
[[0;32m  OK  [0m] Started Virtualbox guest utils.
[[0;32m  OK  [0m] Started Authenticate and Authorize Users to Run Privileged Tasks.
[[0;32m  OK  [0m] Started Accounts Service.
[[0;32m  OK  [0m] Started OpenBSD Secure Shell server.
         Starting Terminate Plymouth Boot Screen...
         Starting Hold until boot process finishes up...
[[0;32m  OK  [0m] Started Terminate Plymouth Boot Screen.
[[0;32m  OK  [0m] Started LSB: automatic crash report generation.
[[0;32m  OK  [0m] Started LSB: daemon to balance interrupts for SMP systems.
[[0;32m  OK  [0m] Started LSB: Set the CPU Frequency Scaling governor to "ondemand".
[[0;32m  OK  [0m] Started Hold until boot process finishes up.
[[0;32m  OK  [0m] Started Snappy daemon.
         Starting Wait until snapd is fully seeded...
[[0;32m  OK  [0m] Started Serial Getty on ttyS0.
         Starting Set console scheme...
[[0;32m  OK  [0m] Started Getty on tty1.
[[0;32m  OK  [0m] Reached target Login Prompts.
[[0;32m  OK  [0m] Started Set console scheme.
[[0;32m  OK  [0m] Created slice User Slice of vagrant.
         Starting User Manager for UID 1000...
[[0;32m  OK  [0m] Started Session 1 of user vagrant.
[[0;32m  OK  [0m] Started User Manager for UID 1000.
         Stopping User Manager for UID 1000...
[[0;32m  OK  [0m] Stopped User Manager for UID 1000.
[[0;32m  OK  [0m] Removed slice User Slice of vagrant.
[[0;32m  OK  [0m] Created slice User Slice of vagrant.
         Starting User Manager for UID 1000...
[[0;32m  OK  [0m] Started Session 2 of user vagrant.
[[0;32m  OK  [0m] Started User Manager for UID 1000.
[[0;32m  OK  [0m] Started Wait until snapd is fully seeded.
         Starting Apply the settings specified in cloud-config...
[[0;32m  OK  [0m] Reached target Multi-User System.
[[0;32m  OK  [0m] Reached target Graphical Interface.
         Starting Update UTMP about System Runlevel Changes...
[[0;32m  OK  [0m] Started Update UTMP about System Runlevel Changes.
[   30.438037] cloud-init[1496]: Generating locales (this might take a while)...
[   31.997429] cloud-init[1496]:   en_US.UTF-8... done
[   32.000298] cloud-init[1496]: Generation complete.

Ubuntu 16.04.5 LTS ubuntu-xenial ttyS0

ubuntu-xenial login: [   32.781714] cloud-init[1496]: Cloud-init v. 18.3-9-g2e62cb8a-0ubuntu1~16.04.2 running 'modules:config' at Wed, 31 Oct 2018 16:12:10 +0000. Up 30.08 seconds.
ci-info: no authorized ssh keys fingerprints found for user ubuntu.
<14>Oct 31 16:12:14 ec2: 
<14>Oct 31 16:12:14 ec2: #############################################################
<14>Oct 31 16:12:14 ec2: -----BEGIN SSH HOST KEY FINGERPRINTS-----
<14>Oct 31 16:12:14 ec2: 1024 SHA256:0uEDxWe4e8OyBlu6ZeTf3rWpjGUFnHPVJxWbqkX17Dg root@ubuntu-xenial (DSA)
<14>Oct 31 16:12:14 ec2: 256 SHA256:1ZzsgY7NQMLyBXHwcBdKaldV7e7g4PdlNrX3JMIPnP8 root@ubuntu-xenial (ECDSA)
<14>Oct 31 16:12:14 ec2: 256 SHA256:rb14xDJQwjSLF6eq4/O3NTG5NZT5OakK5dPDqTyG228 root@ubuntu-xenial (ED25519)
<14>Oct 31 16:12:14 ec2: 2048 SHA256:Q1aOl1IrAVi1ZJr8P8Lvfn15N6CBiVsecsi3/W0jfF4 root@ubuntu-xenial (RSA)
<14>Oct 31 16:12:14 ec2: -----END SSH HOST KEY FINGERPRINTS-----
<14>Oct 31 16:12:14 ec2: #############################################################
-----BEGIN SSH HOST KEY KEYS-----
ecdsa-sha2-nistp256 AAAAE2VjZHNhLXNoYTItbmlzdHAyNTYAAAAIbmlzdHAyNTYAAABBBL7PR2CSn4tEqo/SloxQrc+acrczy/KezgZSnUgJ8cEWxZwEp7mzypjuFjTnyp11Z8min7fTB6tqCj6Y32NYK0g= root@ubuntu-xenial
ssh-ed25519 AAAAC3NzaC1lZDI1NTE5AAAAICQaCZBGyUFFzZ5IzIK9rawcOu2I9WzvTEMlcCfAVOQS root@ubuntu-xenial
ssh-rsa AAAAB3NzaC1yc2EAAAADAQABAAABAQDJkJy0Lj3RnCdEfrhz0iHkLBiieaCHEqK45tzZapbARLqdkgsQ4RvcdLSxKHZEieU4RIPjlotZ6rLrg2GHrLUPHNPvctmfeB1SgkO8FLLolCeGFbcQumf/tdJRsTmPS42VzW4deKBZMDf7lLPF2ldF+3XDBraojd05wu1vAG5PCqSex/xn+yMpdNtehiLSE/BynfXrxSu0CVHDKXHfWnoEC80j4BmTqzyUae+o9rQhl8D3R3IX9D/RJBXB/fCe7ja3vtoKCWWrtEYOBIUVvWgHPd1OAbGtDkpWBEo63mDLN3nWNVzGhgVldMKYQiIwrVg4xO7M+542JCOL6SadhetN root@ubuntu-xenial
-----END SSH HOST KEY KEYS-----
[   34.199075] cloud-init[1833]: Cloud-init v. 18.3-9-g2e62cb8a-0ubuntu1~16.04.2 running 'modules:final' at Wed, 31 Oct 2018 16:12:13 +0000. Up 33.76 seconds.
[   34.199397] cloud-init[1833]: ci-info: no authorized ssh keys fingerprints found for user ubuntu.
[   34.199720] cloud-init[1833]: Cloud-init v. 18.3-9-g2e62cb8a-0ubuntu1~16.04.2 finished at Wed, 31 Oct 2018 16:12:14 +0000. Datasource DataSourceNoCloud [seed=/dev/sdb][dsmode=net].  Up 34.18 seconds
